<?xml version="1.0" encoding="UTF-8"?>
<!-- Generated by org.testng.reporters.JUnitReportReporter -->
<testsuite skipped="0" hostname="DESKTOP-IGGL0H7" name="com.amazon.test.testcases.AmazonAssignmentTest" tests="9" failures="0" timestamp="11 Mar 2018 14:47:58 GMT" time="24.344" errors="0">
  <testcase name="homePageTitleTest" time="4.059" classname="com.amazon.test.testcases.AmazonAssignmentTest"/>
  <testcase name="searchTest" time="4.272" classname="com.amazon.test.testcases.AmazonAssignmentTest"/>
  <testcase name="validateSearchInputTest" time="1.224" classname="com.amazon.test.testcases.AmazonAssignmentTest"/>
  <testcase name="validateFilteredBrandTest" time="1.085" classname="com.amazon.test.testcases.AmazonAssignmentTest"/>
  <testcase name="validateFilteredPriceRangeTest" time="5.659" classname="com.amazon.test.testcases.AmazonAssignmentTest"/>
  <testcase name="validateFilteredRatingTest" time="1.089" classname="com.amazon.test.testcases.AmazonAssignmentTest"/>
  <testcase name="validateCheapestSelectionTest" time="1.786" classname="com.amazon.test.testcases.AmazonAssignmentTest"/>
  <testcase name="validateBuyNowTest" time="5.010" classname="com.amazon.test.testcases.AmazonAssignmentTest"/>
  <testcase name="validateLoginPageTitleTest" time="0.160" classname="com.amazon.test.testcases.AmazonAssignmentTest"/>
</testsuite> <!-- com.amazon.test.testcases.AmazonAssignmentTest -->
